Using pre-set license
Built from '2020.2/staging' branch; Version is '2020.2.3f1 (8ff31bc5bf5b) revision 9433883'; Using compiler version '192528614'; Build Type 'Release'
OS: 'Windows 10 Pro; OS build 19042.746; Version 2009; 64bit' Language: 'ko' Physical Memory: 8067 MB
BatchMode: 1, IsHumanControllingUs: 0, StartBugReporterOnCrash: 0, Is64bit: 1, IsPro: 0

 COMMAND LINE ARGUMENTS:
C:\Program Files\Unity\Hub\Editor\2020.2.3f1\Editor\Unity.exe
-adb2
-batchMode
-noUpm
-name
AssetImportWorker0
-projectPath
C:/Users/Jyosun/Desktop/Unity_Game/JSGAME4_ImNotHero
-logFile
Logs/AssetImportWorker0.log
-srvPort
58103
Successfully changed project path to: C:/Users/Jyosun/Desktop/Unity_Game/JSGAME4_ImNotHero
C:/Users/Jyosun/Desktop/Unity_Game/JSGAME4_ImNotHero
Using Asset Import Pipeline V2.
Refreshing native plugins compatible for Editor in 42.20 ms, found 1 plugins.
Preloading 0 native plugins for Editor in 0.00 ms.
Initialize engine version: 2020.2.3f1 (8ff31bc5bf5b)
[Subsystems] Discovering subsystems at path C:/Program Files/Unity/Hub/Editor/2020.2.3f1/Editor/Data/Resources/UnitySubsystems
[Subsystems] Discovering subsystems at path C:/Users/Jyosun/Desktop/Unity_Game/JSGAME4_ImNotHero/Assets
GfxDevice: creating device client; threaded=0
Direct3D:
    Version:  Direct3D 11.0 [level 11.1]
    Renderer: NVIDIA GeForce GTX 1050 Ti (ID=0x1c8c)
    Vendor:   
    VRAM:     4021 MB
    Driver:   23.21.13.9125
Initialize mono
Mono path[0] = 'C:/Program Files/Unity/Hub/Editor/2020.2.3f1/Editor/Data/Managed'
Mono path[1] = 'C:/Program Files/Unity/Hub/Editor/2020.2.3f1/Editor/Data/MonoBleedingEdge/lib/mono/unityjit'
Mono config path = 'C:/Program Files/Unity/Hub/Editor/2020.2.3f1/Editor/Data/MonoBleedingEdge/etc'
Using monoOptions --debugger-agent=transport=dt_socket,embedding=1,server=y,suspend=n,address=127.0.0.1:56396
Begin MonoManager ReloadAssembly
Registering precompiled unity dll's ...
Register platform support module: C:/Program Files/Unity/Hub/Editor/2020.2.3f1/Editor/Data/PlaybackEngines/WindowsStandaloneSupport/UnityEditor.WindowsStandalone.Extensions.dll
Registered in 0.007328 seconds.
Native extension for WindowsStandalone target not found
Refreshing native plugins compatible for Editor in 49.34 ms, found 1 plugins.
Preloading 0 native plugins for Editor in 0.00 ms.
Invoked RoslynAnalysisRunner static constructor.
RoslynAnalysisRunner will not be running.
RoslynAnalysisRunner has terminated.
Mono: successfully reloaded assembly
- Completed reload, in 11.132 seconds
Platform modules already initialized, skipping
Registering precompiled user dll's ...
Registered in 0.004432 seconds.
Begin MonoManager ReloadAssembly
Native extension for WindowsStandalone target not found
Refreshing native plugins compatible for Editor in 39.70 ms, found 1 plugins.
Preloading 0 native plugins for Editor in 0.00 ms.
Invoked RoslynAnalysisRunner static constructor.
RoslynAnalysisRunner will not be running.
RoslynAnalysisRunner has terminated.
Mono: successfully reloaded assembly
- Completed reload, in  1.867 seconds
Platform modules already initialized, skipping
========================================================================
Worker process is ready to serve import requests
Launched and connected shader compiler UnityShaderCompiler.exe after 0.10 seconds
Refreshing native plugins compatible for Editor in 0.40 ms, found 1 plugins.
Preloading 0 native plugins for Editor in 0.00 ms.
Unloading 1830 Unused Serialized files (Serialized files now loaded: 0)
System memory in use before: 88.6 MB.
System memory in use after: 88.6 MB.

Unloading 24 unused Assets to reduce memory usage. Loaded Objects now: 2274.
Total: 3.078600 ms (FindLiveObjects: 0.705300 ms CreateObjectMapping: 0.320000 ms MarkObjects: 1.875900 ms  DeleteObjects: 0.175100 ms)

========================================================================
Received Import Request.
  path: Assets/Sprites/UI Panel.png
  artifactKey: Guid(beeaafa1496736f41aee8c28f33f8d9b) Importer(815301076,1909f56bfc062723c751e8b465ee728b)
Start importing Assets/Sprites/UI Panel.png using Guid(beeaafa1496736f41aee8c28f33f8d9b) Importer(815301076,1909f56bfc062723c751e8b465ee728b)  -> (artifact id: '17500972ad25559fe797272809132b7e') in 0.187120 seconds
  Import took 0.191944 seconds .

========================================================================
Received Import Request.
  Time since last request: 4.213481 seconds.
  path: Assets/Sprites/UI Panel.png
  artifactKey: Guid(beeaafa1496736f41aee8c28f33f8d9b) Importer(815301076,1909f56bfc062723c751e8b465ee728b)
Start importing Assets/Sprites/UI Panel.png using Guid(beeaafa1496736f41aee8c28f33f8d9b) Importer(815301076,1909f56bfc062723c751e8b465ee728b)  -> (artifact id: '17500972ad25559fe797272809132b7e') in 0.013962 seconds
  Import took 0.020246 seconds .

========================================================================
Received Import Request.
  Time since last request: 5.224575 seconds.
  path: Assets/Sprites/UI Panel.png
  artifactKey: Guid(beeaafa1496736f41aee8c28f33f8d9b) Importer(815301076,1909f56bfc062723c751e8b465ee728b)
Start importing Assets/Sprites/UI Panel.png using Guid(beeaafa1496736f41aee8c28f33f8d9b) Importer(815301076,1909f56bfc062723c751e8b465ee728b)  -> (artifact id: '089d540f2e4f7d45107ec4509576d176') in 0.013380 seconds
  Import took 0.017189 seconds .

========================================================================
Received Import Request.
  Time since last request: 0.006343 seconds.
  path: Assets/Sprites/UI Panel.png
  artifactKey: Guid(beeaafa1496736f41aee8c28f33f8d9b) Importer(815301076,1909f56bfc062723c751e8b465ee728b)
Start importing Assets/Sprites/UI Panel.png using Guid(beeaafa1496736f41aee8c28f33f8d9b) Importer(815301076,1909f56bfc062723c751e8b465ee728b)  -> (artifact id: '089d540f2e4f7d45107ec4509576d176') in 0.017439 seconds
  Import took 0.022476 seconds .

========================================================================
Received Import Request.
  Time since last request: 2.223964 seconds.
  path: Assets/Sprites/UI Panel.png
  artifactKey: Guid(beeaafa1496736f41aee8c28f33f8d9b) Importer(815301076,1909f56bfc062723c751e8b465ee728b)
Start importing Assets/Sprites/UI Panel.png using Guid(beeaafa1496736f41aee8c28f33f8d9b) Importer(815301076,1909f56bfc062723c751e8b465ee728b)  -> (artifact id: '13e9a0115eeab093a21fd745fa967999') in 0.013452 seconds
  Import took 0.017610 seconds .

========================================================================
Received Import Request.
  Time since last request: 0.008485 seconds.
  path: Assets/Sprites/UI Panel.png
  artifactKey: Guid(beeaafa1496736f41aee8c28f33f8d9b) Importer(815301076,1909f56bfc062723c751e8b465ee728b)
Start importing Assets/Sprites/UI Panel.png using Guid(beeaafa1496736f41aee8c28f33f8d9b) Importer(815301076,1909f56bfc062723c751e8b465ee728b)  -> (artifact id: '13e9a0115eeab093a21fd745fa967999') in 0.017409 seconds
  Import took 0.021773 seconds .

========================================================================
Received Import Request.
  Time since last request: 21.618169 seconds.
  path: Assets/Sprites/UI Panel.png
  artifactKey: Guid(beeaafa1496736f41aee8c28f33f8d9b) Importer(815301076,1909f56bfc062723c751e8b465ee728b)
Start importing Assets/Sprites/UI Panel.png using Guid(beeaafa1496736f41aee8c28f33f8d9b) Importer(815301076,1909f56bfc062723c751e8b465ee728b)  -> (artifact id: '337f8fde5925a4d03a662606c4594b66') in 0.013399 seconds
  Import took 0.017868 seconds .

========================================================================
Received Import Request.
  Time since last request: 0.006191 seconds.
  path: Assets/Sprites/UI Panel.png
  artifactKey: Guid(beeaafa1496736f41aee8c28f33f8d9b) Importer(815301076,1909f56bfc062723c751e8b465ee728b)
Start importing Assets/Sprites/UI Panel.png using Guid(beeaafa1496736f41aee8c28f33f8d9b) Importer(815301076,1909f56bfc062723c751e8b465ee728b)  -> (artifact id: '337f8fde5925a4d03a662606c4594b66') in 0.020372 seconds
  Import took 0.025344 seconds .

========================================================================
Received Import Request.
  Time since last request: 3.548685 seconds.
  path: Assets/Sprites/UI Panel.png
  artifactKey: Guid(beeaafa1496736f41aee8c28f33f8d9b) Importer(815301076,1909f56bfc062723c751e8b465ee728b)
Start importing Assets/Sprites/UI Panel.png using Guid(beeaafa1496736f41aee8c28f33f8d9b) Importer(815301076,1909f56bfc062723c751e8b465ee728b)  -> (artifact id: '75ec73f63d874cb0c1f45091e151a14a') in 0.012645 seconds
  Import took 0.016664 seconds .

========================================================================
Received Import Request.
  Time since last request: 0.007449 seconds.
  path: Assets/Sprites/UI Panel.png
  artifactKey: Guid(beeaafa1496736f41aee8c28f33f8d9b) Importer(815301076,1909f56bfc062723c751e8b465ee728b)
Start importing Assets/Sprites/UI Panel.png using Guid(beeaafa1496736f41aee8c28f33f8d9b) Importer(815301076,1909f56bfc062723c751e8b465ee728b)  -> (artifact id: '75ec73f63d874cb0c1f45091e151a14a') in 0.017144 seconds
  Import took 0.021079 seconds .

========================================================================
Received Import Request.
  Time since last request: 13.491976 seconds.
  path: Assets/Sprites/UI Panel.png
  artifactKey: Guid(beeaafa1496736f41aee8c28f33f8d9b) Importer(815301076,1909f56bfc062723c751e8b465ee728b)
Start importing Assets/Sprites/UI Panel.png using Guid(beeaafa1496736f41aee8c28f33f8d9b) Importer(815301076,1909f56bfc062723c751e8b465ee728b)  -> (artifact id: '544bf778b6c93289dda849a559145611') in 0.014200 seconds
  Import took 0.018480 seconds .

========================================================================
Received Import Request.
  Time since last request: 0.005845 seconds.
  path: Assets/Sprites/UI Panel.png
  artifactKey: Guid(beeaafa1496736f41aee8c28f33f8d9b) Importer(815301076,1909f56bfc062723c751e8b465ee728b)
Start importing Assets/Sprites/UI Panel.png using Guid(beeaafa1496736f41aee8c28f33f8d9b) Importer(815301076,1909f56bfc062723c751e8b465ee728b)  -> (artifact id: '544bf778b6c93289dda849a559145611') in 0.019266 seconds
  Import took 0.023408 seconds .

========================================================================
Received Import Request.
  Time since last request: 471.994636 seconds.
  path: Assets/Scripts/GameManager.cs
  artifactKey: Guid(c434a725009dc0f48bd057f5f097af03) Importer(815301076,1909f56bfc062723c751e8b465ee728b)
Start importing Assets/Scripts/GameManager.cs using Guid(c434a725009dc0f48bd057f5f097af03) Importer(815301076,1909f56bfc062723c751e8b465ee728b)  -> (artifact id: 'db67dfacdfa17a7f2d7aca57d927a7b4') in 0.018357 seconds
  Import took 0.023558 seconds .

========================================================================
Received Import Request.
  Time since last request: 142.323925 seconds.
  path: Assets/Scripts/GameManager.cs
  artifactKey: Guid(c434a725009dc0f48bd057f5f097af03) Importer(815301076,1909f56bfc062723c751e8b465ee728b)
Start importing Assets/Scripts/GameManager.cs using Guid(c434a725009dc0f48bd057f5f097af03) Importer(815301076,1909f56bfc062723c751e8b465ee728b)  -> (artifact id: '57334b816a513e068d70881b9ea71c21') in 0.005490 seconds
  Import took 0.009283 seconds .

========================================================================
Received Prepare
Registering precompiled user dll's ...
Registered in 0.002105 seconds.
Begin MonoManager ReloadAssembly
Native extension for WindowsStandalone target not found
Refreshing native plugins compatible for Editor in 0.53 ms, found 1 plugins.
Preloading 0 native plugins for Editor in 0.00 ms.
Invoked RoslynAnalysisRunner static constructor.
RoslynAnalysisRunner will not be running.
RoslynAnalysisRunner has terminated.
Mono: successfully reloaded assembly
- Completed reload, in  1.242 seconds
Platform modules already initialized, skipping
Refreshing native plugins compatible for Editor in 0.40 ms, found 1 plugins.
Preloading 0 native plugins for Editor in 0.00 ms.
Unloading 1824 Unused Serialized files (Serialized files now loaded: 0)
System memory in use before: 91.6 MB.
System memory in use after: 91.6 MB.

Unloading 12 unused Assets to reduce memory usage. Loaded Objects now: 2283.
Total: 3.116300 ms (FindLiveObjects: 0.357000 ms CreateObjectMapping: 0.117700 ms MarkObjects: 2.479600 ms  DeleteObjects: 0.160300 ms)

========================================================================
Received Import Request.
  Time since last request: 38.524741 seconds.
  path: Assets/Scripts/GameManager.cs
  artifactKey: Guid(c434a725009dc0f48bd057f5f097af03) Importer(815301076,1909f56bfc062723c751e8b465ee728b)
Start importing Assets/Scripts/GameManager.cs using Guid(c434a725009dc0f48bd057f5f097af03) Importer(815301076,1909f56bfc062723c751e8b465ee728b)  -> (artifact id: '0688e9c85b32b8238a9e3352111c9bc9') in 0.011213 seconds
  Import took 0.015593 seconds .

========================================================================
Received Prepare
Registering precompiled user dll's ...
Registered in 0.002817 seconds.
Begin MonoManager ReloadAssembly
Native extension for WindowsStandalone target not found
Refreshing native plugins compatible for Editor in 0.65 ms, found 1 plugins.
Preloading 0 native plugins for Editor in 0.00 ms.
Invoked RoslynAnalysisRunner static constructor.
RoslynAnalysisRunner will not be running.
RoslynAnalysisRunner has terminated.
Mono: successfully reloaded assembly
- Completed reload, in  1.088 seconds
Platform modules already initialized, skipping
Refreshing native plugins compatible for Editor in 0.47 ms, found 1 plugins.
Preloading 0 native plugins for Editor in 0.00 ms.
Unloading 1824 Unused Serialized files (Serialized files now loaded: 0)
System memory in use before: 91.6 MB.
System memory in use after: 91.6 MB.

Unloading 12 unused Assets to reduce memory usage. Loaded Objects now: 2286.
Total: 3.165300 ms (FindLiveObjects: 0.437300 ms CreateObjectMapping: 0.072900 ms MarkObjects: 2.497400 ms  DeleteObjects: 0.153600 ms)

========================================================================
Received Prepare
Registering precompiled user dll's ...
Registered in 0.001641 seconds.
Begin MonoManager ReloadAssembly
Native extension for WindowsStandalone target not found
Refreshing native plugins compatible for Editor in 0.37 ms, found 1 plugins.
Preloading 0 native plugins for Editor in 0.00 ms.
Invoked RoslynAnalysisRunner static constructor.
RoslynAnalysisRunner will not be running.
RoslynAnalysisRunner has terminated.
Mono: successfully reloaded assembly
- Completed reload, in  1.175 seconds
Platform modules already initialized, skipping
Refreshing native plugins compatible for Editor in 0.39 ms, found 1 plugins.
Preloading 0 native plugins for Editor in 0.00 ms.
Unloading 1824 Unused Serialized files (Serialized files now loaded: 0)
System memory in use before: 91.7 MB.
System memory in use after: 91.7 MB.

Unloading 12 unused Assets to reduce memory usage. Loaded Objects now: 2289.
Total: 3.229800 ms (FindLiveObjects: 0.558500 ms CreateObjectMapping: 0.160300 ms MarkObjects: 2.324600 ms  DeleteObjects: 0.184300 ms)

========================================================================
Received Prepare
Registering precompiled user dll's ...
Registered in 0.002171 seconds.
Begin MonoManager ReloadAssembly
Native extension for WindowsStandalone target not found
Refreshing native plugins compatible for Editor in 0.36 ms, found 1 plugins.
Preloading 0 native plugins for Editor in 0.00 ms.
Invoked RoslynAnalysisRunner static constructor.
RoslynAnalysisRunner will not be running.
RoslynAnalysisRunner has terminated.
Mono: successfully reloaded assembly
- Completed reload, in  1.087 seconds
Platform modules already initialized, skipping
Refreshing native plugins compatible for Editor in 0.40 ms, found 1 plugins.
Preloading 0 native plugins for Editor in 0.00 ms.
Unloading 1824 Unused Serialized files (Serialized files now loaded: 0)
System memory in use before: 91.7 MB.
System memory in use after: 91.7 MB.

Unloading 12 unused Assets to reduce memory usage. Loaded Objects now: 2292.
Total: 2.938100 ms (FindLiveObjects: 0.380300 ms CreateObjectMapping: 0.133600 ms MarkObjects: 2.254400 ms  DeleteObjects: 0.168100 ms)

========================================================================
Received Prepare
Registering precompiled user dll's ...
Registered in 0.001750 seconds.
Begin MonoManager ReloadAssembly
Native extension for WindowsStandalone target not found
Refreshing native plugins compatible for Editor in 1.48 ms, found 1 plugins.
Preloading 0 native plugins for Editor in 0.00 ms.
Invoked RoslynAnalysisRunner static constructor.
RoslynAnalysisRunner will not be running.
RoslynAnalysisRunner has terminated.
Mono: successfully reloaded assembly
- Completed reload, in  1.434 seconds
Platform modules already initialized, skipping
Refreshing native plugins compatible for Editor in 0.49 ms, found 1 plugins.
Preloading 0 native plugins for Editor in 0.00 ms.
Unloading 1824 Unused Serialized files (Serialized files now loaded: 0)
System memory in use before: 91.7 MB.
System memory in use after: 91.7 MB.

Unloading 12 unused Assets to reduce memory usage. Loaded Objects now: 2295.
Total: 2.372800 ms (FindLiveObjects: 0.224600 ms CreateObjectMapping: 0.095500 ms MarkObjects: 1.895800 ms  DeleteObjects: 0.155600 ms)

========================================================================
Received Prepare
Registering precompiled user dll's ...
Registered in 0.002772 seconds.
Begin MonoManager ReloadAssembly
Native extension for WindowsStandalone target not found
Refreshing native plugins compatible for Editor in 0.50 ms, found 1 plugins.
Preloading 0 native plugins for Editor in 0.00 ms.
Invoked RoslynAnalysisRunner static constructor.
RoslynAnalysisRunner will not be running.
RoslynAnalysisRunner has terminated.
Mono: successfully reloaded assembly
- Completed reload, in  1.658 seconds
Platform modules already initialized, skipping
Refreshing native plugins compatible for Editor in 0.45 ms, found 1 plugins.
Preloading 0 native plugins for Editor in 0.00 ms.
Unloading 1824 Unused Serialized files (Serialized files now loaded: 0)
System memory in use before: 91.7 MB.
System memory in use after: 91.7 MB.

Unloading 12 unused Assets to reduce memory usage. Loaded Objects now: 2298.
Total: 6.083700 ms (FindLiveObjects: 0.560400 ms CreateObjectMapping: 0.363800 ms MarkObjects: 4.926000 ms  DeleteObjects: 0.226800 ms)

========================================================================
Received Prepare
Registering precompiled user dll's ...
Registered in 0.001729 seconds.
Begin MonoManager ReloadAssembly
Native extension for WindowsStandalone target not found
Refreshing native plugins compatible for Editor in 0.35 ms, found 1 plugins.
Preloading 0 native plugins for Editor in 0.00 ms.
Invoked RoslynAnalysisRunner static constructor.
RoslynAnalysisRunner will not be running.
RoslynAnalysisRunner has terminated.
Mono: successfully reloaded assembly
- Completed reload, in  1.169 seconds
Platform modules already initialized, skipping
Refreshing native plugins compatible for Editor in 0.41 ms, found 1 plugins.
Preloading 0 native plugins for Editor in 0.00 ms.
Unloading 1824 Unused Serialized files (Serialized files now loaded: 0)
System memory in use before: 91.7 MB.
System memory in use after: 91.7 MB.

Unloading 12 unused Assets to reduce memory usage. Loaded Objects now: 2301.
Total: 2.761400 ms (FindLiveObjects: 0.507500 ms CreateObjectMapping: 0.159400 ms MarkObjects: 1.920300 ms  DeleteObjects: 0.172700 ms)

========================================================================
Received Prepare
Registering precompiled user dll's ...
Registered in 0.001601 seconds.
Begin MonoManager ReloadAssembly
Native extension for WindowsStandalone target not found
Refreshing native plugins compatible for Editor in 0.36 ms, found 1 plugins.
Preloading 0 native plugins for Editor in 0.00 ms.
Invoked RoslynAnalysisRunner static constructor.
RoslynAnalysisRunner will not be running.
RoslynAnalysisRunner has terminated.
Mono: successfully reloaded assembly
- Completed reload, in  1.046 seconds
Platform modules already initialized, skipping
Refreshing native plugins compatible for Editor in 0.77 ms, found 1 plugins.
Preloading 0 native plugins for Editor in 0.00 ms.
Unloading 1824 Unused Serialized files (Serialized files now loaded: 0)
System memory in use before: 91.7 MB.
System memory in use after: 91.7 MB.

Unloading 12 unused Assets to reduce memory usage. Loaded Objects now: 2304.
Total: 3.823200 ms (FindLiveObjects: 0.268300 ms CreateObjectMapping: 0.074400 ms MarkObjects: 3.301000 ms  DeleteObjects: 0.178000 ms)

========================================================================
Received Prepare
Registering precompiled user dll's ...
Registered in 0.001647 seconds.
Begin MonoManager ReloadAssembly
Native extension for WindowsStandalone target not found
Refreshing native plugins compatible for Editor in 0.42 ms, found 1 plugins.
Preloading 0 native plugins for Editor in 0.00 ms.
Invoked RoslynAnalysisRunner static constructor.
RoslynAnalysisRunner will not be running.
RoslynAnalysisRunner has terminated.
Mono: successfully reloaded assembly
- Completed reload, in  1.135 seconds
Platform modules already initialized, skipping
Refreshing native plugins compatible for Editor in 0.59 ms, found 1 plugins.
Preloading 0 native plugins for Editor in 0.00 ms.
Unloading 1824 Unused Serialized files (Serialized files now loaded: 0)
System memory in use before: 91.7 MB.
System memory in use after: 91.7 MB.

Unloading 12 unused Assets to reduce memory usage. Loaded Objects now: 2307.
Total: 2.390900 ms (FindLiveObjects: 0.263100 ms CreateObjectMapping: 0.093800 ms MarkObjects: 1.866700 ms  DeleteObjects: 0.166200 ms)

========================================================================
Received Prepare
Refreshing native plugins compatible for Editor in 5.91 ms, found 1 plugins.
Preloading 0 native plugins for Editor in 0.00 ms.
Unloading 10 Unused Serialized files (Serialized files now loaded: 0)
System memory in use before: 55.9 MB.
System memory in use after: 55.9 MB.

Unloading 10 unused Assets to reduce memory usage. Loaded Objects now: 2307.
Total: 3.274000 ms (FindLiveObjects: 0.383100 ms CreateObjectMapping: 0.147400 ms MarkObjects: 2.615000 ms  DeleteObjects: 0.126900 ms)

========================================================================
Received Prepare
Registering precompiled user dll's ...
Registered in 0.002219 seconds.
Begin MonoManager ReloadAssembly
Native extension for WindowsStandalone target not found
Refreshing native plugins compatible for Editor in 0.39 ms, found 1 plugins.
Preloading 0 native plugins for Editor in 0.00 ms.
Invoked RoslynAnalysisRunner static constructor.
RoslynAnalysisRunner will not be running.
RoslynAnalysisRunner has terminated.
Mono: successfully reloaded assembly
- Completed reload, in  1.695 seconds
Platform modules already initialized, skipping
Refreshing native plugins compatible for Editor in 0.42 ms, found 1 plugins.
Preloading 0 native plugins for Editor in 0.00 ms.
Unloading 1824 Unused Serialized files (Serialized files now loaded: 0)
System memory in use before: 91.8 MB.
System memory in use after: 91.8 MB.

Unloading 12 unused Assets to reduce memory usage. Loaded Objects now: 2310.
Total: 3.209800 ms (FindLiveObjects: 0.396700 ms CreateObjectMapping: 0.116400 ms MarkObjects: 2.548300 ms  DeleteObjects: 0.146700 ms)

========================================================================
Received Prepare
Registering precompiled user dll's ...
Registered in 0.001611 seconds.
Begin MonoManager ReloadAssembly
Native extension for WindowsStandalone target not found
Refreshing native plugins compatible for Editor in 0.39 ms, found 1 plugins.
Preloading 0 native plugins for Editor in 0.00 ms.
Invoked RoslynAnalysisRunner static constructor.
RoslynAnalysisRunner will not be running.
RoslynAnalysisRunner has terminated.
Mono: successfully reloaded assembly
- Completed reload, in  1.122 seconds
Platform modules already initialized, skipping
Refreshing native plugins compatible for Editor in 0.44 ms, found 1 plugins.
Preloading 0 native plugins for Editor in 0.00 ms.
Unloading 1824 Unused Serialized files (Serialized files now loaded: 0)
System memory in use before: 91.8 MB.
System memory in use after: 91.8 MB.

Unloading 12 unused Assets to reduce memory usage. Loaded Objects now: 2313.
Total: 3.402800 ms (FindLiveObjects: 0.401700 ms CreateObjectMapping: 0.069500 ms MarkObjects: 2.693300 ms  DeleteObjects: 0.234800 ms)

========================================================================
Received Prepare
Registering precompiled user dll's ...
Registered in 0.003363 seconds.
Begin MonoManager ReloadAssembly
Native extension for WindowsStandalone target not found
Refreshing native plugins compatible for Editor in 0.45 ms, found 1 plugins.
Preloading 0 native plugins for Editor in 0.00 ms.
Invoked RoslynAnalysisRunner static constructor.
RoslynAnalysisRunner will not be running.
RoslynAnalysisRunner has terminated.
Mono: successfully reloaded assembly
- Completed reload, in  1.154 seconds
Platform modules already initialized, skipping
Refreshing native plugins compatible for Editor in 0.43 ms, found 1 plugins.
Preloading 0 native plugins for Editor in 0.00 ms.
Unloading 1824 Unused Serialized files (Serialized files now loaded: 0)
System memory in use before: 91.8 MB.
System memory in use after: 91.8 MB.

Unloading 12 unused Assets to reduce memory usage. Loaded Objects now: 2316.
Total: 2.385900 ms (FindLiveObjects: 0.249100 ms CreateObjectMapping: 0.079600 ms MarkObjects: 1.876800 ms  DeleteObjects: 0.178800 ms)

========================================================================
Received Prepare
Registering precompiled user dll's ...
Registered in 0.004247 seconds.
Begin MonoManager ReloadAssembly
Native extension for WindowsStandalone target not found
Refreshing native plugins compatible for Editor in 0.38 ms, found 1 plugins.
Preloading 0 native plugins for Editor in 0.00 ms.
Invoked RoslynAnalysisRunner static constructor.
RoslynAnalysisRunner will not be running.
RoslynAnalysisRunner has terminated.
Mono: successfully reloaded assembly
- Completed reload, in  1.341 seconds
Platform modules already initialized, skipping
Refreshing native plugins compatible for Editor in 0.42 ms, found 1 plugins.
Preloading 0 native plugins for Editor in 0.00 ms.
Unloading 1824 Unused Serialized files (Serialized files now loaded: 0)
System memory in use before: 91.8 MB.
System memory in use after: 91.8 MB.

Unloading 12 unused Assets to reduce memory usage. Loaded Objects now: 2319.
Total: 3.342200 ms (FindLiveObjects: 0.402400 ms CreateObjectMapping: 0.101700 ms MarkObjects: 2.627800 ms  DeleteObjects: 0.208900 ms)

========================================================================
Received Prepare
Registering precompiled user dll's ...
Registered in 0.001730 seconds.
Begin MonoManager ReloadAssembly
Native extension for WindowsStandalone target not found
Refreshing native plugins compatible for Editor in 0.68 ms, found 1 plugins.
Preloading 0 native plugins for Editor in 0.00 ms.
Invoked RoslynAnalysisRunner static constructor.
RoslynAnalysisRunner will not be running.
RoslynAnalysisRunner has terminated.
Mono: successfully reloaded assembly
- Completed reload, in  1.127 seconds
Platform modules already initialized, skipping
Refreshing native plugins compatible for Editor in 0.41 ms, found 1 plugins.
Preloading 0 native plugins for Editor in 0.00 ms.
Unloading 1824 Unused Serialized files (Serialized files now loaded: 0)
System memory in use before: 91.8 MB.
System memory in use after: 91.8 MB.

Unloading 12 unused Assets to reduce memory usage. Loaded Objects now: 2322.
Total: 4.412100 ms (FindLiveObjects: 0.373000 ms CreateObjectMapping: 0.128200 ms MarkObjects: 3.743500 ms  DeleteObjects: 0.164700 ms)

========================================================================
Received Prepare
Registering precompiled user dll's ...
Registered in 0.001708 seconds.
Begin MonoManager ReloadAssembly
Native extension for WindowsStandalone target not found
Refreshing native plugins compatible for Editor in 0.41 ms, found 1 plugins.
Preloading 0 native plugins for Editor in 0.00 ms.
Invoked RoslynAnalysisRunner static constructor.
RoslynAnalysisRunner will not be running.
RoslynAnalysisRunner has terminated.
Mono: successfully reloaded assembly
- Completed reload, in  1.021 seconds
Platform modules already initialized, skipping
Refreshing native plugins compatible for Editor in 0.45 ms, found 1 plugins.
Preloading 0 native plugins for Editor in 0.00 ms.
Unloading 1824 Unused Serialized files (Serialized files now loaded: 0)
System memory in use before: 91.8 MB.
System memory in use after: 91.8 MB.

Unloading 12 unused Assets to reduce memory usage. Loaded Objects now: 2325.
Total: 2.226300 ms (FindLiveObjects: 0.180100 ms CreateObjectMapping: 0.056500 ms MarkObjects: 1.814800 ms  DeleteObjects: 0.173800 ms)

========================================================================
Received Import Request.
  Time since last request: 1854.701918 seconds.
  path: Assets/Scripts/PlayerAction.cs
  artifactKey: Guid(60ba66dc2f125e644bc05ae6b6dd85bf) Importer(815301076,1909f56bfc062723c751e8b465ee728b)
Start importing Assets/Scripts/PlayerAction.cs using Guid(60ba66dc2f125e644bc05ae6b6dd85bf) Importer(815301076,1909f56bfc062723c751e8b465ee728b)  -> (artifact id: '4e7eb2eb57df9b78cdcb079b76e03977') in 0.009198 seconds
  Import took 0.016085 seconds .

========================================================================
Received Import Request.
  Time since last request: 0.020466 seconds.
  path: Assets/Scripts/PlayerAction.cs
  artifactKey: Guid(60ba66dc2f125e644bc05ae6b6dd85bf) Importer(815301076,1909f56bfc062723c751e8b465ee728b)
Start importing Assets/Scripts/PlayerAction.cs using Guid(60ba66dc2f125e644bc05ae6b6dd85bf) Importer(815301076,1909f56bfc062723c751e8b465ee728b)  -> (artifact id: '4e7eb2eb57df9b78cdcb079b76e03977') in 0.006422 seconds
  Import took 0.010173 seconds .

========================================================================
Received Import Request.
  Time since last request: 2.718656 seconds.
  path: Assets/Scripts/QuestManager.cs
  artifactKey: Guid(58f2e26f7b356f0429ff36f799a96f86) Importer(815301076,1909f56bfc062723c751e8b465ee728b)
Start importing Assets/Scripts/QuestManager.cs using Guid(58f2e26f7b356f0429ff36f799a96f86) Importer(815301076,1909f56bfc062723c751e8b465ee728b)  -> (artifact id: 'a922f2b95706fdffc03864405dbcf4b2') in 0.009814 seconds
  Import took 0.015800 seconds .

========================================================================
Received Import Request.
  Time since last request: 1.019914 seconds.
  path: Assets/Scripts/TalkManager.cs
  artifactKey: Guid(c5cf234c6f589a34c9af2d965765327c) Importer(815301076,1909f56bfc062723c751e8b465ee728b)
Start importing Assets/Scripts/TalkManager.cs using Guid(c5cf234c6f589a34c9af2d965765327c) Importer(815301076,1909f56bfc062723c751e8b465ee728b)  -> (artifact id: '9bc3b0c9a6624d2f4bb5a949693178ed') in 0.007141 seconds
  Import took 0.011923 seconds .

========================================================================
Received Import Request.
  Time since last request: 1.040934 seconds.
  path: Assets/Scripts/TypeEffect.cs
  artifactKey: Guid(133607dc12d0c3345827f108a9ce7793) Importer(815301076,1909f56bfc062723c751e8b465ee728b)
Start importing Assets/Scripts/TypeEffect.cs using Guid(133607dc12d0c3345827f108a9ce7793) Importer(815301076,1909f56bfc062723c751e8b465ee728b)  -> (artifact id: '41980067c7b246ded550528bc29b0ed9') in 0.008732 seconds
  Import took 0.013146 seconds .

========================================================================
Received Prepare
Registering precompiled user dll's ...
Registered in 0.002621 seconds.
Begin MonoManager ReloadAssembly
Native extension for WindowsStandalone target not found
Refreshing native plugins compatible for Editor in 0.47 ms, found 1 plugins.
Preloading 0 native plugins for Editor in 0.00 ms.
Invoked RoslynAnalysisRunner static constructor.
RoslynAnalysisRunner will not be running.
RoslynAnalysisRunner has terminated.
Mono: successfully reloaded assembly
- Completed reload, in  0.969 seconds
Platform modules already initialized, skipping
Refreshing native plugins compatible for Editor in 0.41 ms, found 1 plugins.
Preloading 0 native plugins for Editor in 0.00 ms.
Unloading 1824 Unused Serialized files (Serialized files now loaded: 0)
System memory in use before: 91.8 MB.
System memory in use after: 91.8 MB.

Unloading 12 unused Assets to reduce memory usage. Loaded Objects now: 2328.
Total: 2.541400 ms (FindLiveObjects: 0.390100 ms CreateObjectMapping: 0.139500 ms MarkObjects: 1.837100 ms  DeleteObjects: 0.172200 ms)

========================================================================
Received Import Request.
  Time since last request: 84.820388 seconds.
  path: Assets/Scripts/TalkManager.cs
  artifactKey: Guid(c5cf234c6f589a34c9af2d965765327c) Importer(815301076,1909f56bfc062723c751e8b465ee728b)
Start importing Assets/Scripts/TalkManager.cs using Guid(c5cf234c6f589a34c9af2d965765327c) Importer(815301076,1909f56bfc062723c751e8b465ee728b)  -> (artifact id: '431b29c9334d7f27755287c684cc6da3') in 0.007580 seconds
  Import took 0.015651 seconds .

========================================================================
Received Import Request.
  Time since last request: 0.080379 seconds.
  path: Assets/Scripts/TalkManager.cs
  artifactKey: Guid(c5cf234c6f589a34c9af2d965765327c) Importer(815301076,1909f56bfc062723c751e8b465ee728b)
Start importing Assets/Scripts/TalkManager.cs using Guid(c5cf234c6f589a34c9af2d965765327c) Importer(815301076,1909f56bfc062723c751e8b465ee728b)  -> (artifact id: '431b29c9334d7f27755287c684cc6da3') in 0.006638 seconds
  Import took 0.010460 seconds .

========================================================================
Received Prepare
Registering precompiled user dll's ...
Registered in 0.001708 seconds.
Begin MonoManager ReloadAssembly
Native extension for WindowsStandalone target not found
Refreshing native plugins compatible for Editor in 0.38 ms, found 1 plugins.
Preloading 0 native plugins for Editor in 0.00 ms.
Invoked RoslynAnalysisRunner static constructor.
RoslynAnalysisRunner will not be running.
RoslynAnalysisRunner has terminated.
Mono: successfully reloaded assembly
- Completed reload, in  1.167 seconds
Platform modules already initialized, skipping
Refreshing native plugins compatible for Editor in 0.51 ms, found 1 plugins.
Preloading 0 native plugins for Editor in 0.00 ms.
Unloading 1824 Unused Serialized files (Serialized files now loaded: 0)
System memory in use before: 91.8 MB.
System memory in use after: 91.8 MB.

Unloading 12 unused Assets to reduce memory usage. Loaded Objects now: 2331.
Total: 7.223800 ms (FindLiveObjects: 0.264400 ms CreateObjectMapping: 0.090200 ms MarkObjects: 6.679300 ms  DeleteObjects: 0.188100 ms)

========================================================================
Received Prepare
Registering precompiled user dll's ...
Registered in 0.001641 seconds.
Begin MonoManager ReloadAssembly
Native extension for WindowsStandalone target not found
Refreshing native plugins compatible for Editor in 0.53 ms, found 1 plugins.
Preloading 0 native plugins for Editor in 0.00 ms.
Invoked RoslynAnalysisRunner static constructor.
RoslynAnalysisRunner will not be running.
RoslynAnalysisRunner has terminated.
Mono: successfully reloaded assembly
- Completed reload, in  1.007 seconds
Platform modules already initialized, skipping
Refreshing native plugins compatible for Editor in 0.40 ms, found 1 plugins.
Preloading 0 native plugins for Editor in 0.00 ms.
Unloading 1824 Unused Serialized files (Serialized files now loaded: 0)
System memory in use before: 91.8 MB.
System memory in use after: 91.8 MB.

Unloading 12 unused Assets to reduce memory usage. Loaded Objects now: 2334.
Total: 2.980300 ms (FindLiveObjects: 0.507900 ms CreateObjectMapping: 0.173700 ms MarkObjects: 2.144000 ms  DeleteObjects: 0.153100 ms)

========================================================================
Received Prepare
Registering precompiled user dll's ...
Registered in 0.001830 seconds.
Begin MonoManager ReloadAssembly
Native extension for WindowsStandalone target not found
Refreshing native plugins compatible for Editor in 0.37 ms, found 1 plugins.
Preloading 0 native plugins for Editor in 0.00 ms.
Invoked RoslynAnalysisRunner static constructor.
RoslynAnalysisRunner will not be running.
RoslynAnalysisRunner has terminated.
Mono: successfully reloaded assembly
- Completed reload, in  1.004 seconds
Platform modules already initialized, skipping
Refreshing native plugins compatible for Editor in 0.39 ms, found 1 plugins.
Preloading 0 native plugins for Editor in 0.00 ms.
Unloading 1824 Unused Serialized files (Serialized files now loaded: 0)
System memory in use before: 91.8 MB.
System memory in use after: 91.8 MB.

Unloading 12 unused Assets to reduce memory usage. Loaded Objects now: 2337.
Total: 3.110500 ms (FindLiveObjects: 0.375600 ms CreateObjectMapping: 0.087000 ms MarkObjects: 2.428600 ms  DeleteObjects: 0.217500 ms)

========================================================================
Received Prepare
Registering precompiled user dll's ...
Registered in 0.001594 seconds.
Begin MonoManager ReloadAssembly
Native extension for WindowsStandalone target not found
Refreshing native plugins compatible for Editor in 0.79 ms, found 1 plugins.
Preloading 0 native plugins for Editor in 0.00 ms.
Invoked RoslynAnalysisRunner static constructor.
RoslynAnalysisRunner will not be running.
RoslynAnalysisRunner has terminated.
Mono: successfully reloaded assembly
- Completed reload, in  1.101 seconds
Platform modules already initialized, skipping
Refreshing native plugins compatible for Editor in 0.45 ms, found 1 plugins.
Preloading 0 native plugins for Editor in 0.00 ms.
Unloading 1824 Unused Serialized files (Serialized files now loaded: 0)
System memory in use before: 91.8 MB.
System memory in use after: 91.8 MB.

Unloading 12 unused Assets to reduce memory usage. Loaded Objects now: 2340.
Total: 3.360400 ms (FindLiveObjects: 0.261100 ms CreateObjectMapping: 0.099200 ms MarkObjects: 2.803500 ms  DeleteObjects: 0.195100 ms)

========================================================================
Received Prepare
Registering precompiled user dll's ...
Registered in 0.001872 seconds.
Begin MonoManager ReloadAssembly
Native extension for WindowsStandalone target not found
Refreshing native plugins compatible for Editor in 0.37 ms, found 1 plugins.
Preloading 0 native plugins for Editor in 0.00 ms.
Invoked RoslynAnalysisRunner static constructor.
RoslynAnalysisRunner will not be running.
RoslynAnalysisRunner has terminated.
Mono: successfully reloaded assembly
- Completed reload, in  1.622 seconds
Platform modules already initialized, skipping
Refreshing native plugins compatible for Editor in 0.42 ms, found 1 plugins.
Preloading 0 native plugins for Editor in 0.00 ms.
Unloading 1824 Unused Serialized files (Serialized files now loaded: 0)
System memory in use before: 91.9 MB.
System memory in use after: 91.8 MB.

Unloading 12 unused Assets to reduce memory usage. Loaded Objects now: 2343.
Total: 2.669000 ms (FindLiveObjects: 0.551800 ms CreateObjectMapping: 0.097500 ms MarkObjects: 1.820300 ms  DeleteObjects: 0.197100 ms)

========================================================================
Received Prepare
Registering precompiled user dll's ...
Registered in 0.010492 seconds.
Begin MonoManager ReloadAssembly
Native extension for WindowsStandalone target not found
Refreshing native plugins compatible for Editor in 0.94 ms, found 1 plugins.
Preloading 0 native plugins for Editor in 0.00 ms.
Invoked RoslynAnalysisRunner static constructor.
RoslynAnalysisRunner will not be running.
RoslynAnalysisRunner has terminated.
Mono: successfully reloaded assembly
- Completed reload, in  1.909 seconds
Platform modules already initialized, skipping
Refreshing native plugins compatible for Editor in 2.08 ms, found 1 plugins.
Preloading 0 native plugins for Editor in 0.00 ms.
Unloading 1824 Unused Serialized files (Serialized files now loaded: 0)
System memory in use before: 91.9 MB.
System memory in use after: 91.9 MB.

Unloading 12 unused Assets to reduce memory usage. Loaded Objects now: 2346.
Total: 3.482000 ms (FindLiveObjects: 0.323500 ms CreateObjectMapping: 0.138600 ms MarkObjects: 2.820600 ms  DeleteObjects: 0.197000 ms)

========================================================================
Received Prepare
Registering precompiled user dll's ...
Registered in 0.002991 seconds.
Begin MonoManager ReloadAssembly
Native extension for WindowsStandalone target not found
Refreshing native plugins compatible for Editor in 0.41 ms, found 1 plugins.
Preloading 0 native plugins for Editor in 0.00 ms.
Invoked RoslynAnalysisRunner static constructor.
RoslynAnalysisRunner will not be running.
RoslynAnalysisRunner has terminated.
Mono: successfully reloaded assembly
- Completed reload, in  1.051 seconds
Platform modules already initialized, skipping
Refreshing native plugins compatible for Editor in 0.57 ms, found 1 plugins.
Preloading 0 native plugins for Editor in 0.00 ms.
Unloading 1824 Unused Serialized files (Serialized files now loaded: 0)
System memory in use before: 91.9 MB.
System memory in use after: 91.9 MB.

Unloading 12 unused Assets to reduce memory usage. Loaded Objects now: 2349.
Total: 3.271500 ms (FindLiveObjects: 0.371500 ms CreateObjectMapping: 0.147500 ms MarkObjects: 2.572600 ms  DeleteObjects: 0.178000 ms)

========================================================================
Received Import Request.
  Time since last request: 493.071025 seconds.
  path: Assets/Scripts/GameManager.cs
  artifactKey: Guid(c434a725009dc0f48bd057f5f097af03) Importer(815301076,1909f56bfc062723c751e8b465ee728b)
Start importing Assets/Scripts/GameManager.cs using Guid(c434a725009dc0f48bd057f5f097af03) Importer(815301076,1909f56bfc062723c751e8b465ee728b)  -> (artifact id: 'f8914856f4e581a83f51ba83f415b7d2') in 0.008771 seconds
  Import took 0.014861 seconds .

========================================================================
Received Import Request.
  Time since last request: 0.028120 seconds.
  path: Assets/Scripts/GameManager.cs
  artifactKey: Guid(c434a725009dc0f48bd057f5f097af03) Importer(815301076,1909f56bfc062723c751e8b465ee728b)
Start importing Assets/Scripts/GameManager.cs using Guid(c434a725009dc0f48bd057f5f097af03) Importer(815301076,1909f56bfc062723c751e8b465ee728b)  -> (artifact id: 'f8914856f4e581a83f51ba83f415b7d2') in 0.007162 seconds
  Import took 0.011463 seconds .

========================================================================
Received Prepare
Registering precompiled user dll's ...
Registered in 0.001652 seconds.
Begin MonoManager ReloadAssembly
Native extension for WindowsStandalone target not found
Refreshing native plugins compatible for Editor in 0.44 ms, found 1 plugins.
Preloading 0 native plugins for Editor in 0.00 ms.
Invoked RoslynAnalysisRunner static constructor.
RoslynAnalysisRunner will not be running.
RoslynAnalysisRunner has terminated.
Mono: successfully reloaded assembly
- Completed reload, in  1.032 seconds
Platform modules already initialized, skipping
Refreshing native plugins compatible for Editor in 0.40 ms, found 1 plugins.
Preloading 0 native plugins for Editor in 0.00 ms.
Unloading 1824 Unused Serialized files (Serialized files now loaded: 0)
System memory in use before: 91.9 MB.
System memory in use after: 91.9 MB.

Unloading 12 unused Assets to reduce memory usage. Loaded Objects now: 2352.
Total: 2.580500 ms (FindLiveObjects: 0.453000 ms CreateObjectMapping: 0.107900 ms MarkObjects: 1.856100 ms  DeleteObjects: 0.161100 ms)

========================================================================
Received Import Request.
  Time since last request: 31.346962 seconds.
  path: Assets/Scripts/GameManager.cs
  artifactKey: Guid(c434a725009dc0f48bd057f5f097af03) Importer(815301076,1909f56bfc062723c751e8b465ee728b)
Start importing Assets/Scripts/GameManager.cs using Guid(c434a725009dc0f48bd057f5f097af03) Importer(815301076,1909f56bfc062723c751e8b465ee728b)  -> (artifact id: 'e40d7de471a4652db62f7d675ef8b532') in 0.007846 seconds
  Import took 0.015348 seconds .

========================================================================
Received Prepare
Registering precompiled user dll's ...
Registered in 0.001748 seconds.
Begin MonoManager ReloadAssembly
Native extension for WindowsStandalone target not found
Refreshing native plugins compatible for Editor in 0.56 ms, found 1 plugins.
Preloading 0 native plugins for Editor in 0.00 ms.
Invoked RoslynAnalysisRunner static constructor.
RoslynAnalysisRunner will not be running.
RoslynAnalysisRunner has terminated.
Mono: successfully reloaded assembly
- Completed reload, in  1.618 seconds
Platform modules already initialized, skipping
Refreshing native plugins compatible for Editor in 1.14 ms, found 1 plugins.
Preloading 0 native plugins for Editor in 0.00 ms.
Unloading 1824 Unused Serialized files (Serialized files now loaded: 0)
System memory in use before: 91.9 MB.
System memory in use after: 91.9 MB.

Unloading 12 unused Assets to reduce memory usage. Loaded Objects now: 2355.
Total: 5.046800 ms (FindLiveObjects: 1.148100 ms CreateObjectMapping: 0.209700 ms MarkObjects: 3.519900 ms  DeleteObjects: 0.167300 ms)

========================================================================
Received Import Request.
  Time since last request: 444.386291 seconds.
  path: Assets/Scripts/QuestManager.cs
  artifactKey: Guid(58f2e26f7b356f0429ff36f799a96f86) Importer(815301076,1909f56bfc062723c751e8b465ee728b)
Start importing Assets/Scripts/QuestManager.cs using Guid(58f2e26f7b356f0429ff36f799a96f86) Importer(815301076,1909f56bfc062723c751e8b465ee728b)  -> (artifact id: '6ddf1d98c4f4b681fd61fded96056b04') in 0.012455 seconds
  Import took 0.020211 seconds .

========================================================================
Received Prepare
Registering precompiled user dll's ...
Registered in 0.002018 seconds.
Begin MonoManager ReloadAssembly
Native extension for WindowsStandalone target not found
Refreshing native plugins compatible for Editor in 0.34 ms, found 1 plugins.
Preloading 0 native plugins for Editor in 0.00 ms.
Invoked RoslynAnalysisRunner static constructor.
RoslynAnalysisRunner will not be running.
RoslynAnalysisRunner has terminated.
Mono: successfully reloaded assembly
- Completed reload, in  1.053 seconds
Platform modules already initialized, skipping
Refreshing native plugins compatible for Editor in 0.39 ms, found 1 plugins.
Preloading 0 native plugins for Editor in 0.00 ms.
Unloading 1824 Unused Serialized files (Serialized files now loaded: 0)
System memory in use before: 91.9 MB.
System memory in use after: 91.9 MB.

Unloading 12 unused Assets to reduce memory usage. Loaded Objects now: 2358.
Total: 2.686300 ms (FindLiveObjects: 0.383200 ms CreateObjectMapping: 0.173100 ms MarkObjects: 1.960000 ms  DeleteObjects: 0.169000 ms)

========================================================================
Received Prepare
Registering precompiled user dll's ...
Registered in 0.001642 seconds.
Begin MonoManager ReloadAssembly
Native extension for WindowsStandalone target not found
Refreshing native plugins compatible for Editor in 0.35 ms, found 1 plugins.
Preloading 0 native plugins for Editor in 0.00 ms.
Invoked RoslynAnalysisRunner static constructor.
RoslynAnalysisRunner will not be running.
RoslynAnalysisRunner has terminated.
Mono: successfully reloaded assembly
- Completed reload, in  0.936 seconds
Platform modules already initialized, skipping
Refreshing native plugins compatible for Editor in 0.51 ms, found 1 plugins.
Preloading 0 native plugins for Editor in 0.00 ms.
Unloading 1824 Unused Serialized files (Serialized files now loaded: 0)
System memory in use before: 91.9 MB.
System memory in use after: 91.9 MB.

Unloading 12 unused Assets to reduce memory usage. Loaded Objects now: 2361.
Total: 4.079700 ms (FindLiveObjects: 0.325700 ms CreateObjectMapping: 0.087100 ms MarkObjects: 3.480600 ms  DeleteObjects: 0.184600 ms)

========================================================================
Received Import Request.
  Time since last request: 680.566183 seconds.
  path: Assets/Scripts/ObjData.cs
  artifactKey: Guid(55b466fd3367155478664edc6d2e90a9) Importer(815301076,1909f56bfc062723c751e8b465ee728b)
Start importing Assets/Scripts/ObjData.cs using Guid(55b466fd3367155478664edc6d2e90a9) Importer(815301076,1909f56bfc062723c751e8b465ee728b)  -> (artifact id: '27b477588e23c5fd4af3acf15204987b') in 0.010373 seconds
  Import took 0.013555 seconds .

========================================================================
Received Prepare
Registering precompiled user dll's ...
Registered in 0.001832 seconds.
Begin MonoManager ReloadAssembly
Native extension for WindowsStandalone target not found
Refreshing native plugins compatible for Editor in 0.36 ms, found 1 plugins.
Preloading 0 native plugins for Editor in 0.00 ms.
Invoked RoslynAnalysisRunner static constructor.
RoslynAnalysisRunner will not be running.
RoslynAnalysisRunner has terminated.
Mono: successfully reloaded assembly
- Completed reload, in  1.034 seconds
Platform modules already initialized, skipping
Refreshing native plugins compatible for Editor in 0.47 ms, found 1 plugins.
Preloading 0 native plugins for Editor in 0.00 ms.
Unloading 1824 Unused Serialized files (Serialized files now loaded: 0)
System memory in use before: 91.9 MB.
System memory in use after: 91.9 MB.

Unloading 12 unused Assets to reduce memory usage. Loaded Objects now: 2364.
Total: 2.855800 ms (FindLiveObjects: 0.368900 ms CreateObjectMapping: 0.137200 ms MarkObjects: 2.071100 ms  DeleteObjects: 0.277200 ms)

========================================================================
Received Prepare
Registering precompiled user dll's ...
Registered in 0.001703 seconds.
Begin MonoManager ReloadAssembly
Native extension for WindowsStandalone target not found
Refreshing native plugins compatible for Editor in 0.48 ms, found 1 plugins.
Preloading 0 native plugins for Editor in 0.00 ms.
Invoked RoslynAnalysisRunner static constructor.
RoslynAnalysisRunner will not be running.
RoslynAnalysisRunner has terminated.
Mono: successfully reloaded assembly
- Completed reload, in  1.599 seconds
Platform modules already initialized, skipping
Refreshing native plugins compatible for Editor in 0.96 ms, found 1 plugins.
Preloading 0 native plugins for Editor in 0.00 ms.
Unloading 1824 Unused Serialized files (Serialized files now loaded: 0)
System memory in use before: 91.9 MB.
System memory in use after: 91.9 MB.

Unloading 12 unused Assets to reduce memory usage. Loaded Objects now: 2367.
Total: 6.101300 ms (FindLiveObjects: 1.944900 ms CreateObjectMapping: 0.340400 ms MarkObjects: 3.580100 ms  DeleteObjects: 0.224100 ms)

AssetImportWorkerClient::OnTransportError - code=2 error=End of file
